<?xml version="1.0" encoding="UTF-8"?>
<!-- Generated by org.testng.reporters.JUnitXMLReporter -->
<testsuite ignored="0" hostname="LAPTOP-K8RE9END" failures="0" tests="4" name="Login Test" time="22.965" errors="0" timestamp="2024-12-08T21:24:54 IST">
  <testcase classname="com.orangehrm.test.Login" name="loginWithCorrectCreds" time="1.807"/>
  <testcase classname="com.orangehrm.test.Login" name="loginWithInvalidCreds" time="1.651"/>
  <testcase classname="com.orangehrm.test.Login" name="loginWithInvalidPassword" time="2.017"/>
  <testcase classname="com.orangehrm.test.Login" name="loginWithInvalidUsername" time="1.67"/>
</testsuite> <!-- Login Test -->
