<?xml version="1.0" encoding="UTF-8"?>
<!-- Generated by org.testng.reporters.JUnitXMLReporter -->
<testsuite ignored="0" hostname="LAPTOP-K8RE9END" failures="0" tests="4" name="Test" time="22.085" errors="0" timestamp="2024-12-08T21:01:12 IST">
  <testcase classname="com.orangehrm.test.Login" name="loginWithCorrectCreds" time="2.021"/>
  <testcase classname="com.orangehrm.test.Login" name="loginWithInvalidCreds" time="1.581"/>
  <testcase classname="com.orangehrm.test.Login" name="loginWithInvalidPassword" time="1.804"/>
  <testcase classname="com.orangehrm.test.Login" name="loginWithInvalidUsername" time="1.732"/>
</testsuite> <!-- Test -->
