<?xml version="1.0" encoding="UTF-8"?>
<testng-results ignored="0" total="1" passed="1" failed="0" skipped="0">
  <reporter-output>
  </reporter-output>
  <suite started-at="2024-12-08T13:26:43 IST" name="Suite" finished-at="2024-12-08T13:26:53 IST" duration-ms="9430">
    <groups>
    </groups>
    <test started-at="2024-12-08T13:26:43 IST" name="Test" finished-at="2024-12-08T13:26:53 IST" duration-ms="9430">
      <class name="com.orangehrm.test.Login">
        <test-method is-config="true" signature="setUp()[pri:0, instance:com.orangehrm.test.Login@26a2f7f9]" started-at="2024-12-08T13:26:43 IST" name="setUp" finished-at="2024-12-08T13:26:50 IST" duration-ms="6399" status="PASS">
          <reporter-output>
          </reporter-output>
        </test-method> <!-- setUp -->
        <test-method signature="login()[pri:0, instance:com.orangehrm.test.Login@26a2f7f9]" started-at="2024-12-08T13:26:50 IST" name="login" finished-at="2024-12-08T13:26:52 IST" duration-ms="2640" status="PASS">
          <reporter-output>
          </reporter-output>
        </test-method> <!-- login -->
      </class> <!-- com.orangehrm.test.Login -->
    </test> <!-- Test -->
  </suite> <!-- Suite -->
</testng-results>
