<?xml version="1.0" encoding="UTF-8"?>
<testng-results ignored="0" total="4" passed="4" failed="0" skipped="0">
  <reporter-output>
  </reporter-output>
  <suite started-at="2024-12-08T21:24:31 IST" name="Login Suite" finished-at="2024-12-08T21:24:54 IST" duration-ms="22965">
    <groups>
    </groups>
    <test started-at="2024-12-08T21:24:31 IST" name="Login Test" finished-at="2024-12-08T21:24:54 IST" duration-ms="22965">
      <class name="com.orangehrm.test.Login">
        <test-method is-config="true" signature="setUp()[pri:0, instance:com.orangehrm.test.Login@327bcebd]" started-at="2024-12-08T21:24:31 IST" name="setUp" finished-at="2024-12-08T21:24:36 IST" duration-ms="5601" status="PASS">
          <reporter-output>
          </reporter-output>
        </test-method> <!-- setUp -->
        <test-method signature="loginWithCorrectCreds()[pri:0, instance:com.orangehrm.test.Login@327bcebd]" started-at="2024-12-08T21:24:36 IST" name="loginWithCorrectCreds" finished-at="2024-12-08T21:24:38 IST" duration-ms="1807" status="PASS">
          <reporter-output>
          </reporter-output>
        </test-method> <!-- loginWithCorrectCreds -->
        <test-method is-config="true" signature="tearDown()[pri:0, instance:com.orangehrm.test.Login@327bcebd]" started-at="2024-12-08T21:24:38 IST" name="tearDown" finished-at="2024-12-08T21:24:38 IST" duration-ms="62" status="PASS">
          <reporter-output>
          </reporter-output>
        </test-method> <!-- tearDown -->
        <test-method is-config="true" signature="setUp()[pri:0, instance:com.orangehrm.test.Login@327bcebd]" started-at="2024-12-08T21:24:38 IST" name="setUp" finished-at="2024-12-08T21:24:42 IST" duration-ms="3461" status="PASS">
          <reporter-output>
          </reporter-output>
        </test-method> <!-- setUp -->
        <test-method signature="loginWithInvalidCreds()[pri:0, instance:com.orangehrm.test.Login@327bcebd]" started-at="2024-12-08T21:24:42 IST" name="loginWithInvalidCreds" finished-at="2024-12-08T21:24:43 IST" duration-ms="1651" status="PASS">
          <reporter-output>
          </reporter-output>
        </test-method> <!-- loginWithInvalidCreds -->
        <test-method is-config="true" signature="tearDown()[pri:0, instance:com.orangehrm.test.Login@327bcebd]" started-at="2024-12-08T21:24:43 IST" name="tearDown" finished-at="2024-12-08T21:24:43 IST" duration-ms="116" status="PASS">
          <reporter-output>
          </reporter-output>
        </test-method> <!-- tearDown -->
        <test-method is-config="true" signature="setUp()[pri:0, instance:com.orangehrm.test.Login@327bcebd]" started-at="2024-12-08T21:24:43 IST" name="setUp" finished-at="2024-12-08T21:24:46 IST" duration-ms="3079" status="PASS">
          <reporter-output>
          </reporter-output>
        </test-method> <!-- setUp -->
        <test-method signature="loginWithInvalidPassword()[pri:0, instance:com.orangehrm.test.Login@327bcebd]" started-at="2024-12-08T21:24:46 IST" name="loginWithInvalidPassword" finished-at="2024-12-08T21:24:48 IST" duration-ms="2017" status="PASS">
          <reporter-output>
          </reporter-output>
        </test-method> <!-- loginWithInvalidPassword -->
        <test-method is-config="true" signature="tearDown()[pri:0, instance:com.orangehrm.test.Login@327bcebd]" started-at="2024-12-08T21:24:48 IST" name="tearDown" finished-at="2024-12-08T21:24:49 IST" duration-ms="85" status="PASS">
          <reporter-output>
          </reporter-output>
        </test-method> <!-- tearDown -->
        <test-method is-config="true" signature="setUp()[pri:0, instance:com.orangehrm.test.Login@327bcebd]" started-at="2024-12-08T21:24:49 IST" name="setUp" finished-at="2024-12-08T21:24:52 IST" duration-ms="3194" status="PASS">
          <reporter-output>
          </reporter-output>
        </test-method> <!-- setUp -->
        <test-method signature="loginWithInvalidUsername()[pri:0, instance:com.orangehrm.test.Login@327bcebd]" started-at="2024-12-08T21:24:52 IST" name="loginWithInvalidUsername" finished-at="2024-12-08T21:24:53 IST" duration-ms="1670" status="PASS">
          <reporter-output>
          </reporter-output>
        </test-method> <!-- loginWithInvalidUsername -->
        <test-method is-config="true" signature="tearDown()[pri:0, instance:com.orangehrm.test.Login@327bcebd]" started-at="2024-12-08T21:24:53 IST" name="tearDown" finished-at="2024-12-08T21:24:54 IST" duration-ms="86" status="PASS">
          <reporter-output>
          </reporter-output>
        </test-method> <!-- tearDown -->
      </class> <!-- com.orangehrm.test.Login -->
    </test> <!-- Login Test -->
  </suite> <!-- Login Suite -->
</testng-results>
